# JRE version: OpenJDK Runtime Environment (8.0_112-b06) (build 1.8.0_112-release-b06)
# Java VM: OpenJDK 64-Bit Server VM (25.112-b06 mixed mode windows-amd64 compressed oops)
Heap:
 PSYoungGen      total 349696K, used 174560K [0x00000000e0000000, 0x0000000100000000, 0x0000000100000000)
  eden space 175104K, 0% used [0x00000000e0000000,0x00000000e0000000,0x00000000eab00000)
  from space 174592K, 99% used [0x00000000eab00000,0x00000000f5578030,0x00000000f5580000)
  to   space 174592K, 0% used [0x00000000f5580000,0x00000000f5580000,0x0000000100000000)
 ParOldGen       total 1048576K, used 1005082K [0x00000000a0000000, 0x00000000e0000000, 0x00000000e0000000)
  object space 1048576K, 95% used [0x00000000a0000000,0x00000000dd586a78,0x00000000e0000000)
 Metaspace       used 94612K, capacity 102396K, committed 104448K, reserved 1140736K
  class space    used 11515K, capacity 12309K, committed 12800K, reserved 1048576K
GC Heap History (10 events):
Event: 30571.572 GC heap after
Heap after GC invocations=1091 (full 48):
 PSYoungGen      total 446976K, used 77280K [0x00000000e0000000, 0x0000000100000000, 0x0000000100000000)
  eden space 369664K, 0% used [0x00000000e0000000,0x00000000e0000000,0x00000000f6900000)
  from space 77312K, 99% used [0x00000000f6900000,0x00000000fb478030,0x00000000fb480000)
  to   space 77312K, 0% used [0x00000000fb480000,0x00000000fb480000,0x0000000100000000)
 ParOldGen       total 1048576K, used 886008K [0x00000000a0000000, 0x00000000e0000000, 0x00000000e0000000)
  object space 1048576K, 84% used [0x00000000a0000000,0x00000000d613e088,0x00000000e0000000)
 Metaspace       used 94612K, capacity 102396K, committed 104448K, reserved 1140736K
  class space    used 11515K, capacity 12309K, committed 12800K, reserved 1048576K
}
Event: 30573.113 GC heap before
{Heap before GC invocations=1092 (full 48):
 PSYoungGen      total 446976K, used 446944K [0x00000000e0000000, 0x0000000100000000, 0x0000000100000000)
  eden space 369664K, 100% used [0x00000000e0000000,0x00000000f6900000,0x00000000f6900000)
  from space 77312K, 99% used [0x00000000f6900000,0x00000000fb478030,0x00000000fb480000)
  to   space 77312K, 0% used [0x00000000fb480000,0x00000000fb480000,0x0000000100000000)
 ParOldGen       total 1048576K, used 886008K [0x00000000a0000000, 0x00000000e0000000, 0x00000000e0000000)
  object space 1048576K, 84% used [0x00000000a0000000,0x00000000d613e088,0x00000000e0000000)
 Metaspace       used 94612K, capacity 102396K, committed 104448K, reserved 1140736K
  class space    used 11515K, capacity 12309K, committed 12800K, reserved 1048576K
Event: 30573.322 GC heap after
Heap after GC invocations=1092 (full 48):
 PSYoungGen      total 317952K, used 77296K [0x00000000e0000000, 0x0000000100000000, 0x0000000100000000)
  eden space 240640K, 0% used [0x00000000e0000000,0x00000000e0000000,0x00000000eeb00000)
  from space 77312K, 99% used [0x00000000fb480000,0x00000000ffffc020,0x0000000100000000)
  to   space 141824K, 0% used [0x00000000eeb00000,0x00000000eeb00000,0x00000000f7580000)
 ParOldGen       total 1048576K, used 964324K [0x00000000a0000000, 0x00000000e0000000, 0x00000000e0000000)
  object space 1048576K, 91% used [0x00000000a0000000,0x00000000dadb92e8,0x00000000e0000000)
 Metaspace       used 94612K, capacity 102396K, committed 104448K, reserved 1140736K
  class space    used 11515K, capacity 12309K, committed 12800K, reserved 1048576K
}
Event: 30574.783 GC heap before
{Heap before GC invocations=1093 (full 48):
 PSYoungGen      total 317952K, used 317936K [0x00000000e0000000, 0x0000000100000000, 0x0000000100000000)
  eden space 240640K, 100% used [0x00000000e0000000,0x00000000eeb00000,0x00000000eeb00000)
  from space 77312K, 99% used [0x00000000fb480000,0x00000000ffffc020,0x0000000100000000)
  to   space 141824K, 0% used [0x00000000eeb00000,0x00000000eeb00000,0x00000000f7580000)
 ParOldGen       total 1048576K, used 964324K [0x00000000a0000000, 0x00000000e0000000, 0x00000000e0000000)
  object space 1048576K, 91% used [0x00000000a0000000,0x00000000dadb9300,0x00000000e0000000)
 Metaspace       used 94612K, capacity 102396K, committed 104448K, reserved 1140736K
  class space    used 11515K, capacity 12309K, committed 12800K, reserved 1048576K
Event: 30574.955 GC heap after
Heap after GC invocations=1093 (full 48):
 PSYoungGen      total 369152K, used 128163K [0x00000000e0000000, 0x0000000100000000, 0x0000000100000000)
  eden space 240640K, 0% used [0x00000000e0000000,0x00000000e0000000,0x00000000eeb00000)
  from space 128512K, 99% used [0x00000000eeb00000,0x00000000f6828f28,0x00000000f6880000)
  to   space 155136K, 0% used [0x00000000f6880000,0x00000000f6880000,0x0000000100000000)
 ParOldGen       total 1048576K, used 964348K [0x00000000a0000000, 0x00000000e0000000, 0x00000000e0000000)
  object space 1048576K, 91% used [0x00000000a0000000,0x00000000dadbf300,0x00000000e0000000)
 Metaspace       used 94612K, capacity 102396K, committed 104448K, reserved 1140736K
  class space    used 11515K, capacity 12309K, committed 12800K, reserved 1048576K
}
Event: 30576.469 GC heap before
{Heap before GC invocations=1094 (full 48):
 PSYoungGen      total 369152K, used 368803K [0x00000000e0000000, 0x0000000100000000, 0x0000000100000000)
  eden space 240640K, 100% used [0x00000000e0000000,0x00000000eeb00000,0x00000000eeb00000)
  from space 128512K, 99% used [0x00000000eeb00000,0x00000000f6828f28,0x00000000f6880000)
  to   space 155136K, 0% used [0x00000000f6880000,0x00000000f6880000,0x0000000100000000)
 ParOldGen       total 1048576K, used 964350K [0x00000000a0000000, 0x00000000e0000000, 0x00000000e0000000)
  object space 1048576K, 91% used [0x00000000a0000000,0x00000000dadbf928,0x00000000e0000000)
 Metaspace       used 94612K, capacity 102396K, committed 104448K, reserved 1140736K
  class space    used 11515K, capacity 12309K, committed 12800K, reserved 1048576K
Event: 30576.659 GC heap after
Heap after GC invocations=1094 (full 48):
 PSYoungGen      total 330240K, used 155131K [0x00000000e0000000, 0x0000000100000000, 0x0000000100000000)
  eden space 175104K, 0% used [0x00000000e0000000,0x00000000e0000000,0x00000000eab00000)
  from space 155136K, 99% used [0x00000000f6880000,0x00000000ffffef68,0x0000000100000000)
  to   space 174592K, 0% used [0x00000000eab00000,0x00000000eab00000,0x00000000f5580000)
 ParOldGen       total 1048576K, used 983730K [0x00000000a0000000, 0x00000000e0000000, 0x00000000e0000000)
  object space 1048576K, 93% used [0x00000000a0000000,0x00000000dc0ac858,0x00000000e0000000)
 Metaspace       used 94612K, capacity 102396K, committed 104448K, reserved 1140736K
  class space    used 11515K, capacity 12309K, committed 12800K, reserved 1048576K
}
Event: 30577.778 GC heap before
{Heap before GC invocations=1095 (full 48):
 PSYoungGen      total 330240K, used 330235K [0x00000000e0000000, 0x0000000100000000, 0x0000000100000000)
  eden space 175104K, 100% used [0x00000000e0000000,0x00000000eab00000,0x00000000eab00000)
  from space 155136K, 99% used [0x00000000f6880000,0x00000000ffffef68,0x0000000100000000)
  to   space 174592K, 0% used [0x00000000eab00000,0x00000000eab00000,0x00000000f5580000)
 ParOldGen       total 1048576K, used 983730K [0x00000000a0000000, 0x00000000e0000000, 0x00000000e0000000)
  object space 1048576K, 93% used [0x00000000a0000000,0x00000000dc0ac880,0x00000000e0000000)
 Metaspace       used 94612K, capacity 102396K, committed 104448K, reserved 1140736K
  class space    used 11515K, capacity 12309K, committed 12800K, reserved 1048576K
Event: 30578.016 GC heap after
Heap after GC invocations=1095 (full 48):
 PSYoungGen      total 349696K, used 174560K [0x00000000e0000000, 0x0000000100000000, 0x0000000100000000)
  eden space 175104K, 0% used [0x00000000e0000000,0x00000000e0000000,0x00000000eab00000)
  from space 174592K, 99% used [0x00000000eab00000,0x00000000f5578030,0x00000000f5580000)
  to   space 174592K, 0% used [0x00000000f5580000,0x00000000f5580000,0x0000000100000000)
 ParOldGen       total 1048576K, used 1005082K [0x00000000a0000000, 0x00000000e0000000, 0x00000000e0000000)
  object space 1048576K, 95% used [0x00000000a0000000,0x00000000dd586a78,0x00000000e0000000)
 Metaspace       used 94612K, capacity 102396K, committed 104448K, reserved 1140736K
  class space    used 11515K, capacity 12309K, committed 12800K, reserved 1048576K
}
Event: 30578.016 GC heap before
{Heap before GC invocations=1096 (full 49):
 PSYoungGen      total 349696K, used 174560K [0x00000000e0000000, 0x0000000100000000, 0x0000000100000000)
  eden space 175104K, 0% used [0x00000000e0000000,0x00000000e0000000,0x00000000eab00000)
  from space 174592K, 99% used [0x00000000eab00000,0x00000000f5578030,0x00000000f5580000)
  to   space 174592K, 0% used [0x00000000f5580000,0x00000000f5580000,0x0000000100000000)
 ParOldGen       total 1048576K, used 1005082K [0x00000000a0000000, 0x00000000e0000000, 0x00000000e0000000)
  object space 1048576K, 95% used [0x00000000a0000000,0x00000000dd586a78,0x00000000e0000000)
 Metaspace       used 94612K, capacity 102396K, committed 104448K, reserved 1140736K
  class space    used 11515K, capacity 12309K, committed 12800K, reserved 1048576K

